[2025-09-25 15:09:29] ==================================================
[2025-09-25 15:09:29] 股票监控程序启动
[2025-09-25 15:09:29] 监控股票: ['3690.HK', '2015.HK', '9618.HK']
[2025-09-25 15:09:29] 预警阈值: 1.5%
[2025-09-25 15:09:29] ==================================================
[2025-09-25 15:09:30] 获取股票数据 - 3 只股票
[2025-09-25 15:09:30]   2015.HK: 101.500000
[2025-09-25 15:09:30]   3690.HK: 101.900000
[2025-09-25 15:09:30]   9618.HK: 137.700000
[2025-09-25 15:09:30] 设置基准价格 - 2015.HK: 101.5
[2025-09-25 15:09:30] 设置基准价格 - 3690.HK: 101.9
[2025-09-25 15:09:30] 设置基准价格 - 9618.HK: 137.7
[2025-09-25 15:09:40] 获取股票数据 - 3 只股票
[2025-09-25 15:09:40]   2015.HK: 101.500000
[2025-09-25 15:09:40]   3690.HK: 101.800000
[2025-09-25 15:09:40]   9618.HK: 137.700000
[2025-09-25 15:09:51] 获取股票数据 - 3 只股票
[2025-09-25 15:09:51]   2015.HK: 101.600000
[2025-09-25 15:09:51]   3690.HK: 101.800000
[2025-09-25 15:09:51]   9618.HK: 137.700000
[2025-09-25 15:10:01] 获取股票数据 - 3 只股票
[2025-09-25 15:10:01]   2015.HK: 101.500000
[2025-09-25 15:10:01]   3690.HK: 101.800000
[2025-09-25 15:10:01]   9618.HK: 137.700000
[2025-09-25 15:10:11] 获取股票数据 - 3 只股票
[2025-09-25 15:10:12]   2015.HK: 101.500000
[2025-09-25 15:10:12]   3690.HK: 101.900000
[2025-09-25 15:10:12]   9618.HK: 137.700000
[2025-09-25 15:10:15] 程序正常停止
[2025-09-25 15:10:26] ==================================================
[2025-09-25 15:10:26] 股票监控程序启动
[2025-09-25 15:10:26] 监控股票: ['3690.HK', '2015.HK', '9618.HK']
[2025-09-25 15:10:26] 预警阈值: 1.5%
[2025-09-25 15:10:26] ==================================================
[2025-09-25 15:10:26] 获取股票数据 - 3 只股票
[2025-09-25 15:10:26]   2015.HK: 101.500000
[2025-09-25 15:10:26]   3690.HK: 101.900000
[2025-09-25 15:10:26]   9618.HK: 137.500000
[2025-09-25 15:10:26] 设置基准价格 - 2015.HK: 101.5
[2025-09-25 15:10:26] 设置基准价格 - 3690.HK: 101.9
[2025-09-25 15:10:26] 设置基准价格 - 9618.HK: 137.5
[2025-09-25 15:10:36] 获取股票数据 - 3 只股票
[2025-09-25 15:10:36]   2015.HK: 101.500000
[2025-09-25 15:10:36]   3690.HK: 101.900000
[2025-09-25 15:10:36]   9618.HK: 137.600000
[2025-09-25 15:10:47] 获取股票数据 - 3 只股票
[2025-09-25 15:10:47]   2015.HK: 101.600000
[2025-09-25 15:10:47]   3690.HK: 101.800000
[2025-09-25 15:10:47]   9618.HK: 137.600000
[2025-09-25 15:10:57] 获取股票数据 - 3 只股票
[2025-09-25 15:10:57]   2015.HK: 101.500000
[2025-09-25 15:10:57]   3690.HK: 101.900000
[2025-09-25 15:10:57]   9618.HK: 137.600000
[2025-09-25 15:11:08] 获取股票数据 - 3 只股票
[2025-09-25 15:11:08]   2015.HK: 101.500000
[2025-09-25 15:11:08]   3690.HK: 101.900000
[2025-09-25 15:11:08]   9618.HK: 137.600000
[2025-09-25 15:11:18] 获取股票数据 - 3 只股票
[2025-09-25 15:11:18]   2015.HK: 101.500000
[2025-09-25 15:11:18]   3690.HK: 101.800000
[2025-09-25 15:11:18]   9618.HK: 137.500000
[2025-09-25 15:11:28] 获取股票数据 - 3 只股票
[2025-09-25 15:11:28]   2015.HK: 101.600000
[2025-09-25 15:11:28]   3690.HK: 101.900000
[2025-09-25 15:11:28]   9618.HK: 137.500000
[2025-09-25 15:11:39] 获取股票数据 - 3 只股票
[2025-09-25 15:11:39]   2015.HK: 101.600000
[2025-09-25 15:11:39]   3690.HK: 101.900000
[2025-09-25 15:11:39]   9618.HK: 137.600000
[2025-09-25 15:11:49] 获取股票数据 - 3 只股票
[2025-09-25 15:11:49]   2015.HK: 101.400000
[2025-09-25 15:11:49]   3690.HK: 101.900000
[2025-09-25 15:11:49]   9618.HK: 137.600000
